The system is: Windows - 10.0.19044 - AMD64
Compiling the C compiler identification source file "CMakeCCompilerId.c" succeeded.
Compiler: D:/LearningApps/Microsoft Visual Studio/Visual Studio/VC/Tools/MSVC/14.31.31103/bin/Hostx64/x64/cl.exe 
Build flags: 
Id flags:  

The output was:
0
用于 x64 的 Microsoft (R) C/C++ 优化编译器 19.31.31106.2 版
版权所有(C) Microsoft Corporation。保留所有权利。

CMakeCCompilerId.c
Microsoft (R) Incremental Linker Version 14.31.31106.2
Copyright (C) Microsoft Corporation.  All rights reserved.

/out:CMakeCCompilerId.exe 
CMakeCCompilerId.obj 


Compilation of the C compiler identification source "CMakeCCompilerId.c" produced "CMakeCCompilerId.exe"

Compilation of the C compiler identification source "CMakeCCompilerId.c" produced "CMakeCCompilerId.obj"

The C compiler identification is MSVC, found in "E:/CLionProjects/PCL/PCL_practice/cmake-build-debug/CMakeFiles/3.22.3/CompilerIdC/CMakeCCompilerId.exe"

Compiling the CXX compiler identification source file "CMakeCXXCompilerId.cpp" succeeded.
Compiler: D:/LearningApps/Microsoft Visual Studio/Visual Studio/VC/Tools/MSVC/14.31.31103/bin/Hostx64/x64/cl.exe 
Build flags: 
Id flags:  

The output was:
0
用于 x64 的 Microsoft (R) C/C++ 优化编译器 19.31.31106.2 版
版权所有(C) Microsoft Corporation。保留所有权利。

CMakeCXXCompilerId.cpp
Microsoft (R) Incremental Linker Version 14.31.31106.2
Copyright (C) Microsoft Corporation.  All rights reserved.

/out:CMakeCXXCompilerId.exe 
CMakeCXXCompilerId.obj 


Compilation of the CXX compiler identification source "CMakeCXXCompilerId.cpp" produced "CMakeCXXCompilerId.exe"

Compilation of the CXX compiler identification source "CMakeCXXCompilerId.cpp" produced "CMakeCXXCompilerId.obj"

The CXX compiler identification is MSVC, found in "E:/CLionProjects/PCL/PCL_practice/cmake-build-debug/CMakeFiles/3.22.3/CompilerIdCXX/CMakeCXXCompilerId.exe"

Detecting C compiler ABI info compiled with the following output:
Change Dir: E:/CLionProjects/PCL/PCL_practice/cmake-build-debug/CMakeFiles/CMakeTmp

Run Build Command(s):D:/LearningApps/JetBrains/apps/CLion/ch-0/221.5080.224/bin/ninja/win/ninja.exe cmTC_d38a7 && [1/2] Building C object CMakeFiles\cmTC_d38a7.dir\CMakeCCompilerABI.c.obj
[2/2] Linking C executable cmTC_d38a7.exe



Detecting CXX compiler ABI info compiled with the following output:
Change Dir: E:/CLionProjects/PCL/PCL_practice/cmake-build-debug/CMakeFiles/CMakeTmp

Run Build Command(s):D:/LearningApps/JetBrains/apps/CLion/ch-0/221.5080.224/bin/ninja/win/ninja.exe cmTC_62837 && [1/2] Building CXX object CMakeFiles\cmTC_62837.dir\CMakeCXXCompilerABI.cpp.obj
[2/2] Linking CXX executable cmTC_62837.exe



